

Version:	3.8
CmdLine:	C:\Users\Darian\eclipse\The Wave Game\The Wave Game.exe --l4j-debug
WOW64:		yes
Working dir:	C:\Users\Darian\eclipse\The Wave Game\.
64-bit search:	SOFTWARE\JavaSoft\Java Runtime Environment...
Check:		SOFTWARE\JavaSoft\Java Runtime Environment\1.7
Ignore:		1.7
Check:		SOFTWARE\JavaSoft\Java Runtime Environment\1.7.0_13
Ignore:		1.7.0_13
Check:		SOFTWARE\JavaSoft\Java Runtime Environment\1.8
Ignore:		1.8
Check:		SOFTWARE\JavaSoft\Java Runtime Environment\1.8.0_31
Check launcher:	C:\Program Files\Java\jre1.8.0_31\bin\javaw.exe (OK)
Match:		1.8.0_31
64-bit search:	SOFTWARE\JavaSoft\Java Development Kit...
Check:		SOFTWARE\JavaSoft\Java Development Kit\1.7
Ignore:		1.7
Check:		SOFTWARE\JavaSoft\Java Development Kit\1.7.0_13
Ignore:		1.7.0_13
Check:		SOFTWARE\JavaSoft\Java Development Kit\1.8
Ignore:		1.8
Check:		SOFTWARE\JavaSoft\Java Development Kit\1.8.0_31
Ignore:		1.8.0_31
Runtime used:	1.8.0_31 (64-bit)
Substitute:	null = 
Launcher:	C:\Program Files\Java\jre1.8.0_31\bin\javaw.exe
Launcher args:	-Denv.null="" -jar "C:\Users\Darian\eclipse\The Wave Game\The Wave Game.exe"
Args length:	76/32768 chars
Exit code:	0


Version:	3.8
CmdLine:	C:\Users\Darian\eclipse\The Wave Game\The Wave Game.exe --l4j-debug
WOW64:		yes
Working dir:	C:\Users\Darian\eclipse\The Wave Game\.
64-bit search:	SOFTWARE\JavaSoft\Java Runtime Environment...
Check:		SOFTWARE\JavaSoft\Java Runtime Environment\1.7
Ignore:		1.7
Check:		SOFTWARE\JavaSoft\Java Runtime Environment\1.7.0_13
Ignore:		1.7.0_13
Check:		SOFTWARE\JavaSoft\Java Runtime Environment\1.8
Ignore:		1.8
Check:		SOFTWARE\JavaSoft\Java Runtime Environment\1.8.0_31
Check launcher:	C:\Program Files\Java\jre1.8.0_31\bin\javaw.exe (OK)
Match:		1.8.0_31
64-bit search:	SOFTWARE\JavaSoft\Java Development Kit...
Check:		SOFTWARE\JavaSoft\Java Development Kit\1.7
Ignore:		1.7
Check:		SOFTWARE\JavaSoft\Java Development Kit\1.7.0_13
Ignore:		1.7.0_13
Check:		SOFTWARE\JavaSoft\Java Development Kit\1.8
Ignore:		1.8
Check:		SOFTWARE\JavaSoft\Java Development Kit\1.8.0_31
Ignore:		1.8.0_31
Runtime used:	1.8.0_31 (64-bit)
Substitute:	null = 
Launcher:	C:\Program Files\Java\jre1.8.0_31\bin\javaw.exe
Launcher args:	-Denv.null="" -jar "C:\Users\Darian\eclipse\The Wave Game\The Wave Game.exe"
Args length:	76/32768 chars
Exit code:	0


Version:	3.8
CmdLine:	C:\Users\Darian\eclipse\The Wave Game\The Wave Game.exe --l4j-debug
WOW64:		yes
Working dir:	C:\Users\Darian\eclipse\The Wave Game\.
Bundled JRE:	1.8.0.0
Check launcher:	C:\Users\Darian\eclipse\The Wave Game\1.8.0.0\bin\javaw.exe (not found)
Error msg:	This application was configured to use a bundled Java Runtime Environment but the runtime is missing or corrupted.


Version:	3.8
CmdLine:	C:\Users\Darian\eclipse\The Wave Game\The Wave Game.exe --l4j-debug
WOW64:		yes
Working dir:	C:\Users\Darian\eclipse\The Wave Game\.
Bundled JRE:	1.8.0.0
Check launcher:	C:\Users\Darian\eclipse\The Wave Game\1.8.0.0\bin\javaw.exe (not found)
Error msg:	This application was configured to use a bundled Java Runtime Environment but the runtime is missing or corrupted.


Version:	3.8
CmdLine:	C:\Users\Darian\eclipse\The Wave Game 1.2\The Wave Game.exe --l4j-debug
WOW64:		yes
Working dir:	C:\Users\Darian\eclipse\The Wave Game 1.2\.
64-bit search:	SOFTWARE\JavaSoft\Java Runtime Environment...
Check:		SOFTWARE\JavaSoft\Java Runtime Environment\1.7
Ignore:		1.7
Check:		SOFTWARE\JavaSoft\Java Runtime Environment\1.7.0_13
Ignore:		1.7.0_13
Check:		SOFTWARE\JavaSoft\Java Runtime Environment\1.8
Ignore:		1.8
Check:		SOFTWARE\JavaSoft\Java Runtime Environment\1.8.0_31
Check launcher:	C:\Program Files\Java\jre1.8.0_31\bin\javaw.exe (OK)
Match:		1.8.0_31
64-bit search:	SOFTWARE\JavaSoft\Java Development Kit...
Check:		SOFTWARE\JavaSoft\Java Development Kit\1.7
Ignore:		1.7
Check:		SOFTWARE\JavaSoft\Java Development Kit\1.7.0_13
Ignore:		1.7.0_13
Check:		SOFTWARE\JavaSoft\Java Development Kit\1.8
Ignore:		1.8
Check:		SOFTWARE\JavaSoft\Java Development Kit\1.8.0_31
Ignore:		1.8.0_31
Runtime used:	1.8.0_31 (64-bit)
Launcher:	C:\Program Files\Java\jre1.8.0_31\bin\javaw.exe
Launcher args:	-jar "C:\Users\Darian\eclipse\The Wave Game 1.2\The Wave Game.exe"
Args length:	66/32768 chars
Exit code:	0


Version:	3.8
CmdLine:	C:\Users\Darian\eclipse\The Wave Game 1.2\The Wave Game.exe --l4j-debug
WOW64:		yes
Working dir:	C:\Users\Darian\eclipse\The Wave Game 1.2\.
64-bit search:	SOFTWARE\JavaSoft\Java Runtime Environment...
Check:		SOFTWARE\JavaSoft\Java Runtime Environment\1.7
Ignore:		1.7
Check:		SOFTWARE\JavaSoft\Java Runtime Environment\1.7.0_13
Ignore:		1.7.0_13
Check:		SOFTWARE\JavaSoft\Java Runtime Environment\1.8
Ignore:		1.8
Check:		SOFTWARE\JavaSoft\Java Runtime Environment\1.8.0_31
Check launcher:	C:\Program Files\Java\jre1.8.0_31\bin\javaw.exe (OK)
Match:		1.8.0_31
64-bit search:	SOFTWARE\JavaSoft\Java Development Kit...
Check:		SOFTWARE\JavaSoft\Java Development Kit\1.7
Ignore:		1.7
Check:		SOFTWARE\JavaSoft\Java Development Kit\1.7.0_13
Ignore:		1.7.0_13
Check:		SOFTWARE\JavaSoft\Java Development Kit\1.8
Ignore:		1.8
Check:		SOFTWARE\JavaSoft\Java Development Kit\1.8.0_31
Ignore:		1.8.0_31
Runtime used:	1.8.0_31 (64-bit)
Launcher:	C:\Program Files\Java\jre1.8.0_31\bin\javaw.exe
Launcher args:	-jar "C:\Users\Darian\eclipse\The Wave Game 1.2\The Wave Game.exe"
Args length:	66/32768 chars
Exit code:	0


Version:	3.8
CmdLine:	C:\Users\Darian\eclipse\The Wave Game 1.2\The Wave Game.exe --l4j-debug
WOW64:		yes
Working dir:	C:\Users\Darian\eclipse\The Wave Game 1.2\.
64-bit search:	SOFTWARE\JavaSoft\Java Runtime Environment...
Check:		SOFTWARE\JavaSoft\Java Runtime Environment\1.7
Ignore:		1.7
Check:		SOFTWARE\JavaSoft\Java Runtime Environment\1.7.0_13
Ignore:		1.7.0_13
Check:		SOFTWARE\JavaSoft\Java Runtime Environment\1.8
Ignore:		1.8
Check:		SOFTWARE\JavaSoft\Java Runtime Environment\1.8.0_31
Check launcher:	C:\Program Files\Java\jre1.8.0_31\bin\javaw.exe (OK)
Match:		1.8.0_31
64-bit search:	SOFTWARE\JavaSoft\Java Development Kit...
Check:		SOFTWARE\JavaSoft\Java Development Kit\1.7
Ignore:		1.7
Check:		SOFTWARE\JavaSoft\Java Development Kit\1.7.0_13
Ignore:		1.7.0_13
Check:		SOFTWARE\JavaSoft\Java Development Kit\1.8
Ignore:		1.8
Check:		SOFTWARE\JavaSoft\Java Development Kit\1.8.0_31
Ignore:		1.8.0_31
Runtime used:	1.8.0_31 (64-bit)
Launcher:	C:\Program Files\Java\jre1.8.0_31\bin\javaw.exe
Launcher args:	-jar "C:\Users\Darian\eclipse\The Wave Game 1.2\The Wave Game.exe"
Args length:	66/32768 chars
Exit code:	0
