#
# A fatal error has been detected by the Java Runtime Environment:
#
#  EXCEPTION_ACCESS_VIOLATION (0xc0000005) at pc=0x000007fefe2611cb, pid=5216, tid=8152
#
# JRE version: Java(TM) SE Runtime Environment (8.0_31-b13) (build 1.8.0_31-b13)
# Java VM: Java HotSpot(TM) 64-Bit Server VM (25.31-b07 mixed mode windows-amd64 compressed oops)
# Problematic frame:
# C  [msvcrt.dll+0x11cb]
#
# Failed to write core dump. Minidumps are not enabled by default on client versions of Windows
#
# If you would like to submit a bug report, please visit:
#   http://bugreport.java.com/bugreport/crash.jsp
# The crash happened outside the Java Virtual Machine in native code.
# See problematic frame for where to report the bug.
#

---------------  T H R E A D  ---------------

Current thread (0x0000000057f9f000):  JavaThread "LWJGL Application" [_thread_in_native, id=8152, stack(0x0000000059300000,0x0000000059400000)]

siginfo: ExceptionCode=0xc0000005, writing address 0x0000000000462860

Registers:
RAX=0x0000000000000000, RBX=0x0000000057f9f1e8, RCX=0x0000000000462880, RDX=0x00000000e3f39060
RSP=0x00000000593feaf8, RBP=0x0000000000462860, RSI=0x00000000593feb90, RDI=0x00000000e439b8c0
R8 =0x0000000000000050, R9 =0x0000000000000002, R10=0x00000000feffffff, R11=0x0000000000462860
R12=0x0000000000000000, R13=0x0000000000000014, R14=0x00000000593febc0, R15=0x0000000057f9f000
RIP=0x000007fefe2611cb, EFLAGS=0x0000000000010202

Top of Stack: (sp=0x00000000593feaf8)
0x00000000593feaf8:   0000000065583a34 0000000057f9f1e8
0x00000000593feb08:   0000000000462860 00000000593feb90
0x00000000593feb18:   0000000002605a40 0000000057f9f000
0x00000000593feb28:   0000000000000014 00000000e438f588
0x00000000593feb38:   0000000000000000 00000000593febd0
0x00000000593feb48:   0000000000000000 00000000559c7b68
0x00000000593feb58:   000000000287ad6e 0000000000000014
0x00000000593feb68:   0000000000000000 0000000000000de1
0x00000000593feb78:   000000006957306c 0000000000000014
0x00000000593feb88:   0000000000000000 00000000e439b8b0
0x00000000593feb98:   00000000e438f588 0000000000000014
0x00000000593feba8:   0000000000000000 000000005bc17510
0x00000000593febb8:   000000006957b489 00000000e4216708
0x00000000593febc8:   0000000000000000 00000000593ff248
0x00000000593febd8:   00000000028743ac 0000000000000001
0x00000000593febe8:   00000000028a0854 00000000593fec70 

Instructions: (pc=0x000007fefe2611cb)
0x000007fefe2611ab:   eb b9 49 8b c3 c3 49 81 f9 00 20 00 00 0f 83 d9
0x000007fefe2611bb:   45 01 00 48 8b 04 0a 4c 8b 54 0a 08 48 83 c1 20
0x000007fefe2611cb:   48 89 41 e0 4c 89 51 e8 48 8b 44 0a f0 4c 8b 54
0x000007fefe2611db:   0a f8 49 ff c9 48 89 41 f0 4c 89 51 f8 75 d4 49 


Register to memory mapping:

RAX=0x0000000000000000 is an unknown value
RBX=0x0000000057f9f1e8 is an unknown value
RCX=0x0000000000462880 is an unknown value
RDX=0x00000000e3f39060 is an oop

[error occurred during error reporting (printing register info), id 0xc0000005]

Stack: [0x0000000059300000,0x0000000059400000],  sp=0x00000000593feaf8,  free space=1018k
Native frames: (J=compiled Java code, j=interpreted, Vv=VM code, C=native code)
C  [msvcrt.dll+0x11cb]
C  [gdx64.dll+0x3a34]
C  0x000000000287ad6e

Java frames: (J=compiled Java code, j=interpreted, Vv=VM code)
J 659  com.badlogic.gdx.utils.BufferUtils.copyJni([FLjava/nio/Buffer;II)V (0 bytes) @ 0x000000000287acf0 [0x000000000287ac80+0x70]
J 648 C1 com.badlogic.gdx.utils.BufferUtils.copy([FLjava/nio/Buffer;II)V (45 bytes) @ 0x00000000028743ac [0x0000000002874340+0x6c]
J 662 C1 com.badlogic.gdx.graphics.glutils.VertexBufferObjectWithVAO.setVertices([FII)V (38 bytes) @ 0x000000000287c97c [0x000000000287c8e0+0x9c]
J 647 C1 com.badlogic.gdx.graphics.g2d.SpriteBatch.flush()V (185 bytes) @ 0x00000000028707e4 [0x0000000002870260+0x584]
J 689 C1 com.badlogic.gdx.graphics.g2d.SpriteBatch.draw(Lcom/badlogic/gdx/graphics/Texture;[FII)V (165 bytes) @ 0x0000000002893064 [0x0000000002892ee0+0x184]
J 826 C1 com.jared.waves.units.barriers.Reflector.draw(Lcom/badlogic/gdx/graphics/g2d/SpriteBatch;)V (33 bytes) @ 0x00000000028f1684 [0x00000000028f1560+0x124]
J 758 C1 com.jared.waves.Level.initialDraw(Lcom/badlogic/gdx/graphics/g2d/SpriteBatch;)V (55 bytes) @ 0x00000000028be2cc [0x00000000028bddc0+0x50c]
J 756 C1 com.jared.waves.screen.GameScreen.render()V (134 bytes) @ 0x00000000028bc7bc [0x00000000028bbc00+0xbbc]
J 888 C1 com.jared.waves.PhysicsMain.render()V (38 bytes) @ 0x0000000002925114 [0x0000000002924560+0xbb4]
j  com.badlogic.gdx.backends.lwjgl.LwjglApplication.mainLoop()V+684
j  com.badlogic.gdx.backends.lwjgl.LwjglApplication$1.run()V+27
v  ~StubRoutines::call_stub

---------------  P R O C E S S  ---------------

Java Threads: ( => current thread )
  0x000000005961d000 JavaThread "LWJGL Timer" daemon [_thread_blocked, id=2020, stack(0x000000005ff50000,0x0000000060050000)]
  0x0000000001efe000 JavaThread "DestroyJavaVM" [_thread_blocked, id=6416, stack(0x0000000002220000,0x0000000002320000)]
=>0x0000000057f9f000 JavaThread "LWJGL Application" [_thread_in_native, id=8152, stack(0x0000000059300000,0x0000000059400000)]
  0x0000000057d60000 JavaThread "Service Thread" daemon [_thread_blocked, id=4444, stack(0x00000000584a0000,0x00000000585a0000)]
  0x0000000057ce3800 JavaThread "C1 CompilerThread2" daemon [_thread_blocked, id=6368, stack(0x00000000583a0000,0x00000000584a0000)]
  0x0000000055dcf000 JavaThread "C2 CompilerThread1" daemon [_thread_blocked, id=1440, stack(0x00000000581f0000,0x00000000582f0000)]
  0x0000000055dca000 JavaThread "C2 CompilerThread0" daemon [_thread_blocked, id=4628, stack(0x0000000057be0000,0x0000000057ce0000)]
  0x0000000055dc8800 JavaThread "Attach Listener" daemon [_thread_blocked, id=5232, stack(0x0000000057ae0000,0x0000000057be0000)]
  0x0000000055dc5800 JavaThread "Signal Dispatcher" daemon [_thread_blocked, id=7912, stack(0x00000000576a0000,0x00000000577a0000)]
  0x0000000055d5c800 JavaThread "Finalizer" daemon [_thread_blocked, id=1096, stack(0x00000000579a0000,0x0000000057aa0000)]
  0x0000000055d59000 JavaThread "Reference Handler" daemon [_thread_blocked, id=5356, stack(0x00000000577a0000,0x00000000578a0000)]

Other Threads:
  0x0000000055d55800 VMThread [stack: 0x0000000057520000,0x0000000057620000] [id=6808]
  0x0000000057d63000 WatcherThread [stack: 0x0000000058720000,0x0000000058820000] [id=7276]

VM state:not at safepoint (normal execution)

VM Mutex/Monitor currently owned by a thread: None

Heap:
 PSYoungGen      total 26112K, used 18607K [0x00000000e2c00000, 0x00000000e4900000, 0x0000000100000000)
  eden space 22528K, 66% used [0x00000000e2c00000,0x00000000e3aadac0,0x00000000e4200000)
  from space 3584K, 99% used [0x00000000e4200000,0x00000000e457e4a8,0x00000000e4580000)
  to   space 3584K, 0% used [0x00000000e4580000,0x00000000e4580000,0x00000000e4900000)
 ParOldGen       total 60416K, used 338K [0x00000000a8400000, 0x00000000abf00000, 0x00000000e2c00000)
  object space 60416K, 0% used [0x00000000a8400000,0x00000000a8454890,0x00000000abf00000)
 Metaspace       used 7679K, capacity 7789K, committed 7936K, reserved 1056768K
  class space    used 728K, capacity 763K, committed 768K, reserved 1048576K

Card table byte_map: [0x00000000119b0000,0x0000000011c70000] byte_map_base: 0x000000001146e000

Marking Bits: (ParMarkBitMap*) 0x000000005694d4f0
 Begin Bits: [0x0000000012530000, 0x0000000013b20000)
 End Bits:   [0x0000000013b20000, 0x0000000015110000)

Polling page: 0x0000000000100000

CodeCache: size=245760Kb used=3398Kb max_used=3400Kb free=242361Kb
 bounds [0x00000000025f0000, 0x0000000002950000, 0x00000000115f0000]
 total_blobs=1412 nmethods=937 adapters=390
 compilation: enabled

Compilation events (10 events):
Event: 19.263 Thread 0x0000000057ce3800  930       3       java.nio.HeapByteBuffer::put (16 bytes)
Event: 19.264 Thread 0x0000000057ce3800 nmethod 930 0x00000000029406d0 code [0x0000000002940860, 0x0000000002940be8]
Event: 19.450 Thread 0x0000000055dca000  933       4       com.badlogic.gdx.graphics.g2d.BitmapFont$BitmapFontData::getGlyph (25 bytes)
Event: 19.452 Thread 0x0000000055dca000 nmethod 933 0x0000000002943a90 code [0x0000000002943be0, 0x0000000002943cb8]
Event: 19.688 Thread 0x0000000057ce3800  934       3       com.badlogic.gdx.backends.lwjgl.LwjglGL20::glTexParameterf (7 bytes)
Event: 19.690 Thread 0x0000000057ce3800 nmethod 934 0x0000000002942bd0 code [0x0000000002942dc0, 0x0000000002943558]
Event: 19.690 Thread 0x0000000057ce3800  935       3       org.lwjgl.opengl.GL11::glTexParameterf (24 bytes)
Event: 19.691 Thread 0x0000000057ce3800 nmethod 935 0x0000000002941f10 code [0x00000000029420e0, 0x00000000029427f8]
Event: 19.781 Thread 0x0000000057ce3800  937       3       org.lwjgl.MemoryUtil::getAddress (10 bytes)
Event: 19.782 Thread 0x0000000057ce3800 nmethod 937 0x0000000002941690 code [0x0000000002941800, 0x0000000002941a10]

GC Heap History (2 events):
Event: 11.048 GC heap before
{Heap before GC invocations=1 (full 0):
 PSYoungGen      total 26112K, used 22528K [0x00000000e2c00000, 0x00000000e4900000, 0x0000000100000000)
  eden space 22528K, 100% used [0x00000000e2c00000,0x00000000e4200000,0x00000000e4200000)
  from space 3584K, 0% used [0x00000000e4580000,0x00000000e4580000,0x00000000e4900000)
  to   space 3584K, 0% used [0x00000000e4200000,0x00000000e4200000,0x00000000e4580000)
 ParOldGen       total 60416K, used 0K [0x00000000a8400000, 0x00000000abf00000, 0x00000000e2c00000)
  object space 60416K, 0% used [0x00000000a8400000,0x00000000a8400000,0x00000000abf00000)
 Metaspace       used 7544K, capacity 7723K, committed 7936K, reserved 1056768K
  class space    used 726K, capacity 762K, committed 768K, reserved 1048576K
Event: 11.061 GC heap after
Heap after GC invocations=1 (full 0):
 PSYoungGen      total 26112K, used 3577K [0x00000000e2c00000, 0x00000000e4900000, 0x0000000100000000)
  eden space 22528K, 0% used [0x00000000e2c00000,0x00000000e2c00000,0x00000000e4200000)
  from space 3584K, 99% used [0x00000000e4200000,0x00000000e457e4a8,0x00000000e4580000)
  to   space 3584K, 0% used [0x00000000e4580000,0x00000000e4580000,0x00000000e4900000)
 ParOldGen       total 60416K, used 338K [0x00000000a8400000, 0x00000000abf00000, 0x00000000e2c00000)
  object space 60416K, 0% used [0x00000000a8400000,0x00000000a8454890,0x00000000abf00000)
 Metaspace       used 7544K, capacity 7723K, committed 7936K, reserved 1056768K
  class space    used 726K, capacity 762K, committed 768K, reserved 1048576K
}

Deoptimization events (0 events):
No events

Internal exceptions (10 events):
Event: 4.837 Thread 0x0000000057f9f000 Exception <a 'java/security/PrivilegedActionException'> (0x00000000e3d232d8) thrown at [C:\workspace\8-2-build-windows-amd64-cygwin\jdk8u31\2394\hotspot\src\share\vm\prims\jvm.cpp, line 1312]
Event: 4.839 Thread 0x0000000057f9f000 Exception <a 'java/security/PrivilegedActionException'> (0x00000000e3d266f8) thrown at [C:\workspace\8-2-build-windows-amd64-cygwin\jdk8u31\2394\hotspot\src\share\vm\prims\jvm.cpp, line 1312]
Event: 4.856 Thread 0x0000000057f9f000 Exception <a 'java/security/PrivilegedActionException'> (0x00000000e3d3af00) thrown at [C:\workspace\8-2-build-windows-amd64-cygwin\jdk8u31\2394\hotspot\src\share\vm\prims\jvm.cpp, line 1312]
Event: 4.935 Thread 0x0000000057f9f000 Exception <a 'java/security/PrivilegedActionException'> (0x00000000e3d85aa8) thrown at [C:\workspace\8-2-build-windows-amd64-cygwin\jdk8u31\2394\hotspot\src\share\vm\prims\jvm.cpp, line 1312]
Event: 4.943 Thread 0x0000000057f9f000 Exception <a 'java/security/PrivilegedActionException'> (0x00000000e3d90808) thrown at [C:\workspace\8-2-build-windows-amd64-cygwin\jdk8u31\2394\hotspot\src\share\vm\prims\jvm.cpp, line 1312]
Event: 6.495 Thread 0x0000000057f9f000 Exception <a 'java/security/PrivilegedActionException'> (0x00000000e3dd0578) thrown at [C:\workspace\8-2-build-windows-amd64-cygwin\jdk8u31\2394\hotspot\src\share\vm\prims\jvm.cpp, line 1312]
Event: 9.961 Thread 0x0000000057f9f000 Exception <a 'java/security/PrivilegedActionException'> (0x00000000e3de3b10) thrown at [C:\workspace\8-2-build-windows-amd64-cygwin\jdk8u31\2394\hotspot\src\share\vm\prims\jvm.cpp, line 1312]
Event: 10.170 Thread 0x0000000057f9f000 Exception <a 'java/security/PrivilegedActionException'> (0x00000000e3e69f80) thrown at [C:\workspace\8-2-build-windows-amd64-cygwin\jdk8u31\2394\hotspot\src\share\vm\prims\jvm.cpp, line 1312]
Event: 16.912 Thread 0x0000000057f9f000 Exception <a 'java/security/PrivilegedActionException'> (0x00000000e3007838) thrown at [C:\workspace\8-2-build-windows-amd64-cygwin\jdk8u31\2394\hotspot\src\share\vm\prims\jvm.cpp, line 1312]
Event: 16.963 Thread 0x0000000057f9f000 Exception <a 'java/security/PrivilegedActionException'> (0x00000000e308d948) thrown at [C:\workspace\8-2-build-windows-amd64-cygwin\jdk8u31\2394\hotspot\src\share\vm\prims\jvm.cpp, line 1312]

Events (10 events):
Event: 16.956 Thread 0x0000000057f9f000 DEOPT PACKING pc=0x000000000284a25e sp=0x00000000593fe800
Event: 16.956 Thread 0x0000000057f9f000 DEOPT UNPACKING pc=0x00000000026371bf sp=0x00000000593fe5e8 mode 0
Event: 16.957 Thread 0x0000000057f9f000 DEOPT PACKING pc=0x000000000284a25e sp=0x00000000593fe800
Event: 16.957 Thread 0x0000000057f9f000 DEOPT UNPACKING pc=0x00000000026371bf sp=0x00000000593fe5e8 mode 0
Event: 16.963 loading class com/jared/waves/screen/WinScreen$InputHandler
Event: 16.963 loading class com/jared/waves/screen/WinScreen$InputHandler done
Event: 16.974 Thread 0x0000000057f9f000 DEOPT PACKING pc=0x000000000284a25e sp=0x00000000593fe770
Event: 16.974 Thread 0x0000000057f9f000 DEOPT UNPACKING pc=0x00000000026371bf sp=0x00000000593fe558 mode 0
Event: 16.976 Thread 0x0000000057f9f000 DEOPT PACKING pc=0x000000000284a25e sp=0x00000000593fe770
Event: 16.976 Thread 0x0000000057f9f000 DEOPT UNPACKING pc=0x00000000026371bf sp=0x00000000593fe558 mode 0


Dynamic libraries:
0x000000013fc90000 - 0x000000013fcc4000 	C:\Program Files\Java\jre1.8.0_31\bin\javaw.exe
0x00000000771b0000 - 0x0000000077359000 	C:\Windows\SYSTEM32\ntdll.dll
0x0000000076f90000 - 0x00000000770af000 	C:\Windows\system32\kernel32.dll
0x000007fefc110000 - 0x000007fefc17c000 	C:\Windows\system32\KERNELBASE.dll
0x000007fefc6a0000 - 0x000007fefc77b000 	C:\Windows\system32\ADVAPI32.dll
0x000007fefe260000 - 0x000007fefe2ff000 	C:\Windows\system32\msvcrt.dll
0x000007fefcd90000 - 0x000007fefcdaf000 	C:\Windows\SYSTEM32\sechost.dll
0x000007fefc780000 - 0x000007fefc8ad000 	C:\Windows\system32\RPCRT4.dll
0x00000000770b0000 - 0x00000000771aa000 	C:\Windows\system32\USER32.dll
0x000007fefe410000 - 0x000007fefe477000 	C:\Windows\system32\GDI32.dll
0x000007fefe680000 - 0x000007fefe68e000 	C:\Windows\system32\LPK.dll
0x000007fefce30000 - 0x000007fefcef9000 	C:\Windows\system32\USP10.dll
0x000007fefa4a0000 - 0x000007fefa694000 	C:\Windows\WinSxS\amd64_microsoft.windows.common-controls_6595b64144ccf1df_6.0.7601.18807_none_fa381d5f175bfb52\COMCTL32.dll
0x000007fefcdb0000 - 0x000007fefce21000 	C:\Windows\system32\SHLWAPI.dll
0x000007fefcb80000 - 0x000007fefcbae000 	C:\Windows\system32\IMM32.DLL
0x000007fefe300000 - 0x000007fefe409000 	C:\Windows\system32\MSCTF.dll
0x00000000683c0000 - 0x0000000068492000 	C:\Program Files\Java\jre1.8.0_31\bin\msvcr100.dll
0x0000000056170000 - 0x00000000569ca000 	C:\Program Files\Java\jre1.8.0_31\bin\server\jvm.dll
0x000007fef7c90000 - 0x000007fef7c99000 	C:\Windows\system32\WSOCK32.dll
0x000007fefcbb0000 - 0x000007fefcbfd000 	C:\Windows\system32\WS2_32.dll
0x000007fefe670000 - 0x000007fefe678000 	C:\Windows\system32\NSI.dll
0x000007fefa6a0000 - 0x000007fefa6db000 	C:\Windows\system32\WINMM.dll
0x0000000077370000 - 0x0000000077377000 	C:\Windows\system32\PSAPI.DLL
0x0000000071050000 - 0x000000007105f000 	C:\Program Files\Java\jre1.8.0_31\bin\verify.dll
0x000000006f230000 - 0x000000006f258000 	C:\Program Files\Java\jre1.8.0_31\bin\java.dll
0x000000006f210000 - 0x000000006f226000 	C:\Program Files\Java\jre1.8.0_31\bin\zip.dll
0x000007fefcf00000 - 0x000007fefdc89000 	C:\Windows\system32\SHELL32.dll
0x000007fefe050000 - 0x000007fefe253000 	C:\Windows\system32\ole32.dll
0x000007fefbf60000 - 0x000007fefbf6f000 	C:\Windows\system32\profapi.dll
0x0000000065580000 - 0x0000000065616000 	C:\Users\Darian\AppData\Local\Temp\libgdxDarian\f47da8e2\gdx64.dll
0x000007fefb7a0000 - 0x000007fefb7b8000 	C:\Windows\system32\CRYPTSP.dll
0x000007fefb4a0000 - 0x000007fefb4e7000 	C:\Windows\system32\rsaenh.dll
0x000007fefc250000 - 0x000007fefc26e000 	C:\Windows\system32\USERENV.dll
0x000007fefbda0000 - 0x000007fefbdaf000 	C:\Windows\system32\CRYPTBASE.dll
0x000000006ef80000 - 0x000000006ef9a000 	C:\Program Files\Java\jre1.8.0_31\bin\net.dll
0x000007fefb740000 - 0x000007fefb795000 	C:\Windows\system32\mswsock.dll
0x000007fefb730000 - 0x000007fefb737000 	C:\Windows\System32\wship6.dll
0x000007fef8f70000 - 0x000007fef8f97000 	C:\Windows\system32\IPHLPAPI.DLL
0x000007fef8f50000 - 0x000007fef8f5b000 	C:\Windows\system32\WINNSI.DLL
0x000007fef8e80000 - 0x000007fef8e98000 	C:\Windows\system32\dhcpcsvc.DLL
0x000007fef8e60000 - 0x000007fef8e71000 	C:\Windows\system32\dhcpcsvc6.DLL
0x000000006e5e0000 - 0x000000006e5f1000 	C:\Program Files\Java\jre1.8.0_31\bin\nio.dll
0x0000000180000000 - 0x0000000180053000 	C:\Users\Darian\AppData\Local\Temp\libgdxDarian\dc0f0009\lwjgl64.dll
0x000007fee7a30000 - 0x000007fee7b4d000 	C:\Windows\system32\OPENGL32.dll
0x000007fee8090000 - 0x000007fee80bd000 	C:\Windows\system32\GLU32.dll
0x000007feee170000 - 0x000007feee261000 	C:\Windows\system32\DDRAW.dll
0x000007feee630000 - 0x000007feee638000 	C:\Windows\system32\DCIMAN32.dll
0x000007fefde70000 - 0x000007fefe047000 	C:\Windows\system32\SETUPAPI.dll
0x000007fefc180000 - 0x000007fefc1b6000 	C:\Windows\system32\CFGMGR32.dll
0x000007fefdd90000 - 0x000007fefde67000 	C:\Windows\system32\OLEAUT32.dll
0x000007fefc1e0000 - 0x000007fefc1fa000 	C:\Windows\system32\DEVOBJ.dll
0x000007fefa010000 - 0x000007fefa028000 	C:\Windows\system32\dwmapi.dll
0x000007fefb000000 - 0x000007fefb00c000 	C:\Windows\system32\VERSION.dll
0x0000000001c80000 - 0x0000000001ce4000 	C:\Users\Darian\AppData\Local\Temp\libgdxDarian\dc0f0009\OpenAL64.dll
0x000007fefa3f0000 - 0x000007fefa446000 	C:\Windows\system32\uxtheme.dll
0x000007fefc310000 - 0x000007fefc3a9000 	C:\Windows\system32\CLBCatQ.DLL
0x000007fefabe0000 - 0x000007fefad0c000 	C:\Windows\System32\PROPSYS.dll
0x000007fefc200000 - 0x000007fefc23b000 	C:\Windows\system32\WINTRUST.dll
0x000007fefbf80000 - 0x000007fefc0ed000 	C:\Windows\system32\CRYPT32.dll
0x000007fefbf70000 - 0x000007fefbf7f000 	C:\Windows\system32\MSASN1.dll
0x000007fefa6e0000 - 0x000007fefa768000 	C:\Windows\system32\dsound.dll
0x000007fefafb0000 - 0x000007fefafdc000 	C:\Windows\system32\POWRPROF.dll
0x000007fefad10000 - 0x000007fefad5b000 	C:\Windows\System32\MMDevApi.dll
0x000007fef9da0000 - 0x000007fef9def000 	C:\Windows\system32\AUDIOSES.DLL
0x000007fef4580000 - 0x000007fef4589000 	C:\Windows\system32\atig6pxx.dll
0x0000000069030000 - 0x000000006a92e000 	C:\Windows\system32\atio6axx.dll
0x0000000068a90000 - 0x0000000068b7c000 	C:\Windows\system32\aticfx64.dll
0x000007fef93e0000 - 0x000007fef9469000 	C:\Windows\system32\atiadlxx.dll
0x000007fefafe0000 - 0x000007fefaff1000 	C:\Windows\system32\WTSAPI32.dll
0x000007fef74d0000 - 0x000007fef74de000 	C:\Windows\system32\atig6txx.dll
0x000007feedf80000 - 0x000007feee01c000 	C:\Windows\system32\mscms.dll
0x000007fee79e0000 - 0x000007fee7a22000 	C:\Windows\system32\icm32.dll
0x000007fef2ca0000 - 0x000007fef2dc5000 	C:\Windows\system32\dbghelp.dll

VM Arguments:
jvm_args: -Dfile.encoding=Cp1252 
java_command: com.jared.waves.PhysicsMain
java_class_path (initial): C:\Users\Darian\eclipse\Physics-Game\bin;C:\Users\Darian\eclipse\libraries\libgdx\gdx.jar;C:\Users\Darian\eclipse\libraries\libgdx\gdx-backend-android.jar;C:\Users\Darian\eclipse\libraries\libgdx\gdx-backend-gwt.jar;C:\Users\Darian\eclipse\libraries\libgdx\gdx-backend-headless.jar;C:\Users\Darian\eclipse\libraries\libgdx\gdx-backend-jglfw.jar;C:\Users\Darian\eclipse\libraries\libgdx\gdx-backend-jglfw-natives.jar;C:\Users\Darian\eclipse\libraries\libgdx\gdx-backend-lwjgl.jar;C:\Users\Darian\eclipse\libraries\libgdx\gdx-backend-lwjgl-natives.jar;C:\Users\Darian\eclipse\libraries\libgdx\gdx-backend-robovm.jar;C:\Users\Darian\eclipse\libraries\libgdx\gdx-natives.jar;C:\Users\Darian\eclipse\libraries\libgdx\gdx-setup.jar
Launcher Type: SUN_STANDARD

Environment Variables:
PATH=C:/Program Files/Java/jre1.8.0_31/bin/server;C:/Program Files/Java/jre1.8.0_31/bin;C:/Program Files/Java/jre1.8.0_31/lib/amd64;C:\Python27\;C:\Python27\Scripts;C:\ProgramData\Oracle\Java\javapath;C:\Windows\System32;C:\Program Files (x86)\Skype\Phone\;C:\Program Files (x86)\Eclipse;
USERNAME=Darian
OS=Windows_NT
PROCESSOR_IDENTIFIER=AMD64 Family 21 Model 16 Stepping 1, AuthenticAMD



---------------  S Y S T E M  ---------------

OS: Windows 7 , 64 bit Build 7601 Service Pack 1

CPU:total 4 (4 cores per cpu, 1 threads per core) family 21 model 16 stepping 1, cmov, cx8, fxsr, mmx, sse, sse2, sse3, ssse3, sse4.1, sse4.2, popcnt, avx, aes, clmul, mmxext, 3dnowpref, lzcnt, sse4a, tsc, tscinvbit, tscinv, bmi1

Memory: 4k page, physical 5743992k(2832880k free), swap 11486148k(7969524k free)

vm_info: Java HotSpot(TM) 64-Bit Server VM (25.31-b07) for windows-amd64 JRE (1.8.0_31-b13), built on Dec 17 2014 21:00:28 by "java_re" with MS VC++ 10.0 (VS2010)

time: Sat May 23 07:15:36 2015
elapsed time: 20 seconds (0d 0h 0m 20s)

