#
# A fatal error has been detected by the Java Runtime Environment:
#
#  EXCEPTION_ACCESS_VIOLATION (0xc0000005) at pc=0x000007fefe2611cb, pid=6888, tid=6276
#
# JRE version: Java(TM) SE Runtime Environment (8.0_31-b13) (build 1.8.0_31-b13)
# Java VM: Java HotSpot(TM) 64-Bit Server VM (25.31-b07 mixed mode windows-amd64 compressed oops)
# Problematic frame:
# C  [msvcrt.dll+0x11cb]
#
# Failed to write core dump. Minidumps are not enabled by default on client versions of Windows
#
# If you would like to submit a bug report, please visit:
#   http://bugreport.java.com/bugreport/crash.jsp
# The crash happened outside the Java Virtual Machine in native code.
# See problematic frame for where to report the bug.
#

---------------  T H R E A D  ---------------

Current thread (0x000000005821b800):  JavaThread "LWJGL Application" [_thread_in_native, id=6276, stack(0x0000000059330000,0x0000000059430000)]

siginfo: ExceptionCode=0xc0000005, writing address 0x00000000004d2860

Registers:
RAX=0x0000000000000000, RBX=0x000000005821b9e8, RCX=0x00000000004d2880, RDX=0x00000000e3ec5050
RSP=0x000000005942e848, RBP=0x00000000004d2860, RSI=0x000000005942e8e0, RDI=0x00000000e43978b0
R8 =0x0000000000000050, R9 =0x0000000000000002, R10=0x00000000feffffff, R11=0x00000000004d2860
R12=0x0000000000000000, R13=0x0000000000000014, R14=0x000000005942e910, R15=0x000000005821b800
RIP=0x000007fefe2611cb, EFLAGS=0x0000000000010202

Top of Stack: (sp=0x000000005942e848)
0x000000005942e848:   0000000065583a34 000000005821b9e8
0x000000005942e858:   00000000004d2860 000000005942e8e0
0x000000005942e868:   0000000000000001 000000005821b800
0x000000005942e878:   0000000000000014 00000000e438b530
0x000000005942e888:   0000000000000000 000000005942e920
0x000000005942e898:   0000000000000000 0000000000000002
0x000000005942e8a8:   000000000291f9ae 0000000000000010
0x000000005942e8b8:   0000000000000000 0000000000000de1
0x000000005942e8c8:   000000006957306c 0000000000000014
0x000000005942e8d8:   0000000000000000 00000000e43978a0
0x000000005942e8e8:   00000000e438b530 0000000000000010
0x000000005942e8f8:   00000000595e3fa0 00000000e438b798
0x000000005942e908:   00000000e43b54a8 00000000e4216608
0x000000005942e918:   0000000000000000 000000005942ef98
0x000000005942e928:   000000000291512c 000000005942ef98
0x000000005942e938:   0000000002949114 000000005942e9c0 

Instructions: (pc=0x000007fefe2611cb)
0x000007fefe2611ab:   eb b9 49 8b c3 c3 49 81 f9 00 20 00 00 0f 83 d9
0x000007fefe2611bb:   45 01 00 48 8b 04 0a 4c 8b 54 0a 08 48 83 c1 20
0x000007fefe2611cb:   48 89 41 e0 4c 89 51 e8 48 8b 44 0a f0 4c 8b 54
0x000007fefe2611db:   0a f8 49 ff c9 48 89 41 f0 4c 89 51 f8 75 d4 49 


Register to memory mapping:

RAX=0x0000000000000000 is an unknown value
RBX=0x000000005821b9e8 is an unknown value
RCX=0x00000000004d2880 is an unknown value
RDX=0x00000000e3ec5050 is an oop

[error occurred during error reporting (printing register info), id 0xc0000005]

Stack: [0x0000000059330000,0x0000000059430000],  sp=0x000000005942e848,  free space=1018k
Native frames: (J=compiled Java code, j=interpreted, Vv=VM code, C=native code)
C  [msvcrt.dll+0x11cb]
C  [gdx64.dll+0x3a34]
C  0x000000000291f9ae

Java frames: (J=compiled Java code, j=interpreted, Vv=VM code)
J 654  com.badlogic.gdx.utils.BufferUtils.copyJni([FLjava/nio/Buffer;II)V (0 bytes) @ 0x000000000291f930 [0x000000000291f8c0+0x70]
J 636 C1 com.badlogic.gdx.utils.BufferUtils.copy([FLjava/nio/Buffer;II)V (45 bytes) @ 0x000000000291512c [0x00000000029150c0+0x6c]
J 656 C1 com.badlogic.gdx.graphics.glutils.VertexBufferObjectWithVAO.setVertices([FII)V (38 bytes) @ 0x000000000291de3c [0x000000000291dda0+0x9c]
J 635 C1 com.badlogic.gdx.graphics.g2d.SpriteBatch.flush()V (185 bytes) @ 0x00000000029161e4 [0x0000000002915c60+0x584]
J 687 C1 com.badlogic.gdx.graphics.g2d.SpriteBatch.draw(Lcom/badlogic/gdx/graphics/Texture;[FII)V (165 bytes) @ 0x000000000293b6a4 [0x000000000293b520+0x184]
J 813 C1 com.jared.waves.units.barriers.Reflector.draw(Lcom/badlogic/gdx/graphics/g2d/SpriteBatch;)V (33 bytes) @ 0x000000000298b684 [0x000000000298b560+0x124]
J 750 C1 com.jared.waves.Level.initialDraw(Lcom/badlogic/gdx/graphics/g2d/SpriteBatch;)V (55 bytes) @ 0x00000000029642cc [0x0000000002963dc0+0x50c]
J 748 C1 com.jared.waves.screen.GameScreen.render()V (134 bytes) @ 0x0000000002962a7c [0x0000000002961ec0+0xbbc]
J 873 C1 com.jared.waves.PhysicsMain.render()V (38 bytes) @ 0x00000000029c5694 [0x00000000029c4ae0+0xbb4]
j  com.badlogic.gdx.backends.lwjgl.LwjglApplication.mainLoop()V+684
j  com.badlogic.gdx.backends.lwjgl.LwjglApplication$1.run()V+27
v  ~StubRoutines::call_stub

---------------  P R O C E S S  ---------------

Java Threads: ( => current thread )
  0x00000000596bb800 JavaThread "LWJGL Timer" daemon [_thread_blocked, id=4024, stack(0x000000005fb20000,0x000000005fc20000)]
  0x0000000001f0e000 JavaThread "DestroyJavaVM" [_thread_blocked, id=8132, stack(0x00000000022c0000,0x00000000023c0000)]
=>0x000000005821b800 JavaThread "LWJGL Application" [_thread_in_native, id=6276, stack(0x0000000059330000,0x0000000059430000)]
  0x0000000057fca000 JavaThread "Service Thread" daemon [_thread_blocked, id=2832, stack(0x0000000058420000,0x0000000058520000)]
  0x0000000055b0e000 JavaThread "C1 CompilerThread2" daemon [_thread_blocked, id=5140, stack(0x0000000057b00000,0x0000000057c00000)]
  0x0000000055b0c800 JavaThread "C2 CompilerThread1" daemon [_thread_blocked, id=3340, stack(0x0000000057e50000,0x0000000057f50000)]
  0x0000000055b05000 JavaThread "C2 CompilerThread0" daemon [_thread_blocked, id=1844, stack(0x0000000057c90000,0x0000000057d90000)]
  0x0000000055b03000 JavaThread "Attach Listener" daemon [_thread_blocked, id=4220, stack(0x0000000057890000,0x0000000057990000)]
  0x0000000055b00000 JavaThread "Signal Dispatcher" daemon [_thread_blocked, id=7004, stack(0x00000000579a0000,0x0000000057aa0000)]
  0x0000000055aa2000 JavaThread "Finalizer" daemon [_thread_blocked, id=6856, stack(0x0000000057790000,0x0000000057890000)]
  0x0000000055a99000 JavaThread "Reference Handler" daemon [_thread_blocked, id=7024, stack(0x00000000575b0000,0x00000000576b0000)]

Other Threads:
  0x0000000055a95800 VMThread [stack: 0x0000000057440000,0x0000000057540000] [id=6284]
  0x0000000057fcd800 WatcherThread [stack: 0x0000000058530000,0x0000000058630000] [id=7252]

VM state:not at safepoint (normal execution)

VM Mutex/Monitor currently owned by a thread: None

Heap:
 PSYoungGen      total 26112K, used 18678K [0x00000000e2c00000, 0x00000000e4900000, 0x0000000100000000)
  eden space 22528K, 67% used [0x00000000e2c00000,0x00000000e3abe840,0x00000000e4200000)
  from space 3584K, 99% used [0x00000000e4200000,0x00000000e457f178,0x00000000e4580000)
  to   space 3584K, 0% used [0x00000000e4580000,0x00000000e4580000,0x00000000e4900000)
 ParOldGen       total 60416K, used 305K [0x00000000a8400000, 0x00000000abf00000, 0x00000000e2c00000)
  object space 60416K, 0% used [0x00000000a8400000,0x00000000a844c618,0x00000000abf00000)
 Metaspace       used 7691K, capacity 7853K, committed 7936K, reserved 1056768K
  class space    used 728K, capacity 763K, committed 768K, reserved 1048576K

Card table byte_map: [0x0000000011a50000,0x0000000011d10000] byte_map_base: 0x000000001150e000

Marking Bits: (ParMarkBitMap*) 0x000000005694d4f0
 Begin Bits: [0x0000000012270000, 0x0000000013860000)
 End Bits:   [0x0000000013860000, 0x0000000014e50000)

Polling page: 0x0000000000110000

CodeCache: size=245760Kb used=3417Kb max_used=3420Kb free=242342Kb
 bounds [0x0000000002690000, 0x00000000029f0000, 0x0000000011690000]
 total_blobs=1396 nmethods=921 adapters=390
 compilation: enabled

Compilation events (10 events):
Event: 18.408 Thread 0x0000000055b0e000  916       3       java.net.URLClassLoader$2::run (16 bytes)
Event: 18.409 Thread 0x0000000055b0e000 nmethod 916 0x00000000029df150 code [0x00000000029df2c0, 0x00000000029df488]
Event: 18.572 Thread 0x0000000055b0e000  917       1       com.badlogic.gdx.graphics.g2d.BitmapFont::getRegions (5 bytes)
Event: 18.572 Thread 0x0000000055b0e000 nmethod 917 0x00000000029dee90 code [0x00000000029defe0, 0x00000000029df0f0]
Event: 19.120 Thread 0x0000000055b05000  918       4       com.badlogic.gdx.graphics.g2d.BitmapFont$BitmapFontData::getGlyph (25 bytes)
Event: 19.122 Thread 0x0000000055b05000 nmethod 918 0x00000000029deb50 code [0x00000000029deca0, 0x00000000029ded78]
Event: 19.305 Thread 0x0000000055b0e000  919       3       com.badlogic.gdx.backends.lwjgl.LwjglGL20::glTexParameterf (7 bytes)
Event: 19.306 Thread 0x0000000055b0e000 nmethod 919 0x00000000029e7c50 code [0x00000000029e7e40, 0x00000000029e85d8]
Event: 19.306 Thread 0x0000000055b0e000  920       3       org.lwjgl.opengl.GL11::glTexParameterf (24 bytes)
Event: 19.308 Thread 0x0000000055b0e000 nmethod 920 0x00000000029e6f90 code [0x00000000029e7160, 0x00000000029e7878]

GC Heap History (2 events):
Event: 11.058 GC heap before
{Heap before GC invocations=1 (full 0):
 PSYoungGen      total 26112K, used 22427K [0x00000000e2c00000, 0x00000000e4900000, 0x0000000100000000)
  eden space 22528K, 99% used [0x00000000e2c00000,0x00000000e41e6da8,0x00000000e4200000)
  from space 3584K, 0% used [0x00000000e4580000,0x00000000e4580000,0x00000000e4900000)
  to   space 3584K, 0% used [0x00000000e4200000,0x00000000e4200000,0x00000000e4580000)
 ParOldGen       total 60416K, used 0K [0x00000000a8400000, 0x00000000abf00000, 0x00000000e2c00000)
  object space 60416K, 0% used [0x00000000a8400000,0x00000000a8400000,0x00000000abf00000)
 Metaspace       used 7545K, capacity 7723K, committed 7936K, reserved 1056768K
  class space    used 726K, capacity 762K, committed 768K, reserved 1048576K
Event: 11.071 GC heap after
Heap after GC invocations=1 (full 0):
 PSYoungGen      total 26112K, used 3580K [0x00000000e2c00000, 0x00000000e4900000, 0x0000000100000000)
  eden space 22528K, 0% used [0x00000000e2c00000,0x00000000e2c00000,0x00000000e4200000)
  from space 3584K, 99% used [0x00000000e4200000,0x00000000e457f178,0x00000000e4580000)
  to   space 3584K, 0% used [0x00000000e4580000,0x00000000e4580000,0x00000000e4900000)
 ParOldGen       total 60416K, used 305K [0x00000000a8400000, 0x00000000abf00000, 0x00000000e2c00000)
  object space 60416K, 0% used [0x00000000a8400000,0x00000000a844c618,0x00000000abf00000)
 Metaspace       used 7545K, capacity 7723K, committed 7936K, reserved 1056768K
  class space    used 726K, capacity 762K, committed 768K, reserved 1048576K
}

Deoptimization events (0 events):
No events

Internal exceptions (10 events):
Event: 4.437 Thread 0x000000005821b800 Exception <a 'java/security/PrivilegedActionException'> (0x00000000e3bbca68) thrown at [C:\workspace\8-2-build-windows-amd64-cygwin\jdk8u31\2394\hotspot\src\share\vm\prims\jvm.cpp, line 1312]
Event: 4.439 Thread 0x000000005821b800 Exception <a 'java/security/PrivilegedActionException'> (0x00000000e3bbfe88) thrown at [C:\workspace\8-2-build-windows-amd64-cygwin\jdk8u31\2394\hotspot\src\share\vm\prims\jvm.cpp, line 1312]
Event: 4.454 Thread 0x000000005821b800 Exception <a 'java/security/PrivilegedActionException'> (0x00000000e3bd43f0) thrown at [C:\workspace\8-2-build-windows-amd64-cygwin\jdk8u31\2394\hotspot\src\share\vm\prims\jvm.cpp, line 1312]
Event: 4.546 Thread 0x000000005821b800 Exception <a 'java/security/PrivilegedActionException'> (0x00000000e3c4d670) thrown at [C:\workspace\8-2-build-windows-amd64-cygwin\jdk8u31\2394\hotspot\src\share\vm\prims\jvm.cpp, line 1312]
Event: 4.554 Thread 0x000000005821b800 Exception <a 'java/security/PrivilegedActionException'> (0x00000000e3c583d0) thrown at [C:\workspace\8-2-build-windows-amd64-cygwin\jdk8u31\2394\hotspot\src\share\vm\prims\jvm.cpp, line 1312]
Event: 6.104 Thread 0x000000005821b800 Exception <a 'java/security/PrivilegedActionException'> (0x00000000e3c97bd0) thrown at [C:\workspace\8-2-build-windows-amd64-cygwin\jdk8u31\2394\hotspot\src\share\vm\prims\jvm.cpp, line 1312]
Event: 9.554 Thread 0x000000005821b800 Exception <a 'java/security/PrivilegedActionException'> (0x00000000e3cab368) thrown at [C:\workspace\8-2-build-windows-amd64-cygwin\jdk8u31\2394\hotspot\src\share\vm\prims\jvm.cpp, line 1312]
Event: 9.740 Thread 0x000000005821b800 Exception <a 'java/security/PrivilegedActionException'> (0x00000000e3d31870) thrown at [C:\workspace\8-2-build-windows-amd64-cygwin\jdk8u31\2394\hotspot\src\share\vm\prims\jvm.cpp, line 1312]
Event: 16.355 Thread 0x000000005821b800 Exception <a 'java/security/PrivilegedActionException'> (0x00000000e2e81700) thrown at [C:\workspace\8-2-build-windows-amd64-cygwin\jdk8u31\2394\hotspot\src\share\vm\prims\jvm.cpp, line 1312]
Event: 16.422 Thread 0x000000005821b800 Exception <a 'java/security/PrivilegedActionException'> (0x00000000e2f07810) thrown at [C:\workspace\8-2-build-windows-amd64-cygwin\jdk8u31\2394\hotspot\src\share\vm\prims\jvm.cpp, line 1312]

Events (10 events):
Event: 16.354 loading class com/jared/waves/screen/WinScreen
Event: 16.354 loading class com/jared/waves/screen/WinScreen done
Event: 16.410 Thread 0x000000005821b800 DEOPT PACKING pc=0x00000000028e9f5e sp=0x000000005942e550
Event: 16.410 Thread 0x000000005821b800 DEOPT UNPACKING pc=0x00000000026d71bf sp=0x000000005942e338 mode 0
Event: 16.412 Thread 0x000000005821b800 DEOPT PACKING pc=0x00000000028e9f5e sp=0x000000005942e550
Event: 16.412 Thread 0x000000005821b800 DEOPT UNPACKING pc=0x00000000026d71bf sp=0x000000005942e338 mode 0
Event: 16.413 Thread 0x000000005821b800 DEOPT PACKING pc=0x00000000028e9f5e sp=0x000000005942e550
Event: 16.413 Thread 0x000000005821b800 DEOPT UNPACKING pc=0x00000000026d71bf sp=0x000000005942e338 mode 0
Event: 16.422 loading class com/jared/waves/screen/WinScreen$InputHandler
Event: 16.422 loading class com/jared/waves/screen/WinScreen$InputHandler done


Dynamic libraries:
0x000000013f7b0000 - 0x000000013f7e4000 	C:\Program Files\Java\jre1.8.0_31\bin\javaw.exe
0x00000000771b0000 - 0x0000000077359000 	C:\Windows\SYSTEM32\ntdll.dll
0x0000000076f90000 - 0x00000000770af000 	C:\Windows\system32\kernel32.dll
0x000007fefc110000 - 0x000007fefc17c000 	C:\Windows\system32\KERNELBASE.dll
0x000007fefc6a0000 - 0x000007fefc77b000 	C:\Windows\system32\ADVAPI32.dll
0x000007fefe260000 - 0x000007fefe2ff000 	C:\Windows\system32\msvcrt.dll
0x000007fefcd90000 - 0x000007fefcdaf000 	C:\Windows\SYSTEM32\sechost.dll
0x000007fefc780000 - 0x000007fefc8ad000 	C:\Windows\system32\RPCRT4.dll
0x00000000770b0000 - 0x00000000771aa000 	C:\Windows\system32\USER32.dll
0x000007fefe410000 - 0x000007fefe477000 	C:\Windows\system32\GDI32.dll
0x000007fefe680000 - 0x000007fefe68e000 	C:\Windows\system32\LPK.dll
0x000007fefce30000 - 0x000007fefcef9000 	C:\Windows\system32\USP10.dll
0x000007fefa4a0000 - 0x000007fefa694000 	C:\Windows\WinSxS\amd64_microsoft.windows.common-controls_6595b64144ccf1df_6.0.7601.18807_none_fa381d5f175bfb52\COMCTL32.dll
0x000007fefcdb0000 - 0x000007fefce21000 	C:\Windows\system32\SHLWAPI.dll
0x000007fefcb80000 - 0x000007fefcbae000 	C:\Windows\system32\IMM32.DLL
0x000007fefe300000 - 0x000007fefe409000 	C:\Windows\system32\MSCTF.dll
0x00000000682e0000 - 0x00000000683b2000 	C:\Program Files\Java\jre1.8.0_31\bin\msvcr100.dll
0x0000000056170000 - 0x00000000569ca000 	C:\Program Files\Java\jre1.8.0_31\bin\server\jvm.dll
0x000007fef7c90000 - 0x000007fef7c99000 	C:\Windows\system32\WSOCK32.dll
0x000007fefcbb0000 - 0x000007fefcbfd000 	C:\Windows\system32\WS2_32.dll
0x000007fefe670000 - 0x000007fefe678000 	C:\Windows\system32\NSI.dll
0x000007fefa6a0000 - 0x000007fefa6db000 	C:\Windows\system32\WINMM.dll
0x0000000077370000 - 0x0000000077377000 	C:\Windows\system32\PSAPI.DLL
0x0000000071050000 - 0x000000007105f000 	C:\Program Files\Java\jre1.8.0_31\bin\verify.dll
0x000000006f230000 - 0x000000006f258000 	C:\Program Files\Java\jre1.8.0_31\bin\java.dll
0x000000006f210000 - 0x000000006f226000 	C:\Program Files\Java\jre1.8.0_31\bin\zip.dll
0x000007fefcf00000 - 0x000007fefdc89000 	C:\Windows\system32\SHELL32.dll
0x000007fefe050000 - 0x000007fefe253000 	C:\Windows\system32\ole32.dll
0x000007fefbf60000 - 0x000007fefbf6f000 	C:\Windows\system32\profapi.dll
0x0000000065580000 - 0x0000000065616000 	C:\Users\Darian\AppData\Local\Temp\libgdxDarian\f47da8e2\gdx64.dll
0x000007fefb7a0000 - 0x000007fefb7b8000 	C:\Windows\system32\CRYPTSP.dll
0x000007fefb4a0000 - 0x000007fefb4e7000 	C:\Windows\system32\rsaenh.dll
0x000007fefc250000 - 0x000007fefc26e000 	C:\Windows\system32\USERENV.dll
0x000007fefbda0000 - 0x000007fefbdaf000 	C:\Windows\system32\CRYPTBASE.dll
0x000000006ef80000 - 0x000000006ef9a000 	C:\Program Files\Java\jre1.8.0_31\bin\net.dll
0x000007fefb740000 - 0x000007fefb795000 	C:\Windows\system32\mswsock.dll
0x000007fefb730000 - 0x000007fefb737000 	C:\Windows\System32\wship6.dll
0x000007fef8f70000 - 0x000007fef8f97000 	C:\Windows\system32\IPHLPAPI.DLL
0x000007fef8f50000 - 0x000007fef8f5b000 	C:\Windows\system32\WINNSI.DLL
0x000007fef8e80000 - 0x000007fef8e98000 	C:\Windows\system32\dhcpcsvc.DLL
0x000007fef8e60000 - 0x000007fef8e71000 	C:\Windows\system32\dhcpcsvc6.DLL
0x000000006e5e0000 - 0x000000006e5f1000 	C:\Program Files\Java\jre1.8.0_31\bin\nio.dll
0x0000000180000000 - 0x0000000180053000 	C:\Users\Darian\AppData\Local\Temp\libgdxDarian\dc0f0009\lwjgl64.dll
0x000007fee7400000 - 0x000007fee751d000 	C:\Windows\system32\OPENGL32.dll
0x000007fef4560000 - 0x000007fef458d000 	C:\Windows\system32\GLU32.dll
0x000007feee170000 - 0x000007feee261000 	C:\Windows\system32\DDRAW.dll
0x000007feee630000 - 0x000007feee638000 	C:\Windows\system32\DCIMAN32.dll
0x000007fefde70000 - 0x000007fefe047000 	C:\Windows\system32\SETUPAPI.dll
0x000007fefc180000 - 0x000007fefc1b6000 	C:\Windows\system32\CFGMGR32.dll
0x000007fefdd90000 - 0x000007fefde67000 	C:\Windows\system32\OLEAUT32.dll
0x000007fefc1e0000 - 0x000007fefc1fa000 	C:\Windows\system32\DEVOBJ.dll
0x000007fefa010000 - 0x000007fefa028000 	C:\Windows\system32\dwmapi.dll
0x000007fefb000000 - 0x000007fefb00c000 	C:\Windows\system32\VERSION.dll
0x0000000000560000 - 0x00000000005c4000 	C:\Users\Darian\AppData\Local\Temp\libgdxDarian\dc0f0009\OpenAL64.dll
0x000007fefa3f0000 - 0x000007fefa446000 	C:\Windows\system32\uxtheme.dll
0x000007fefc310000 - 0x000007fefc3a9000 	C:\Windows\system32\CLBCatQ.DLL
0x000007fefabe0000 - 0x000007fefad0c000 	C:\Windows\System32\PROPSYS.dll
0x000007fefc200000 - 0x000007fefc23b000 	C:\Windows\system32\WINTRUST.dll
0x000007fefbf80000 - 0x000007fefc0ed000 	C:\Windows\system32\CRYPT32.dll
0x000007fefbf70000 - 0x000007fefbf7f000 	C:\Windows\system32\MSASN1.dll
0x000007fefa6e0000 - 0x000007fefa768000 	C:\Windows\system32\dsound.dll
0x000007fefafb0000 - 0x000007fefafdc000 	C:\Windows\system32\POWRPROF.dll
0x000007fefad10000 - 0x000007fefad5b000 	C:\Windows\System32\MMDevApi.dll
0x000007fef9da0000 - 0x000007fef9def000 	C:\Windows\system32\AUDIOSES.DLL
0x000007fef74d0000 - 0x000007fef74d9000 	C:\Windows\system32\atig6pxx.dll
0x0000000069030000 - 0x000000006a92e000 	C:\Windows\system32\atio6axx.dll
0x0000000068a90000 - 0x0000000068b7c000 	C:\Windows\system32\aticfx64.dll
0x000007fef93e0000 - 0x000007fef9469000 	C:\Windows\system32\atiadlxx.dll
0x000007fefafe0000 - 0x000007fefaff1000 	C:\Windows\system32\WTSAPI32.dll
0x000007fef6790000 - 0x000007fef679e000 	C:\Windows\system32\atig6txx.dll
0x000007feedf80000 - 0x000007feee01c000 	C:\Windows\system32\mscms.dll
0x000007feed5a0000 - 0x000007feed5e2000 	C:\Windows\system32\icm32.dll
0x000007fef2ca0000 - 0x000007fef2dc5000 	C:\Windows\system32\dbghelp.dll

VM Arguments:
jvm_args: -Dfile.encoding=Cp1252 
java_command: com.jared.waves.PhysicsMain
java_class_path (initial): C:\Users\Darian\eclipse\Physics-Game\bin;C:\Users\Darian\eclipse\libraries\libgdx\gdx.jar;C:\Users\Darian\eclipse\libraries\libgdx\gdx-backend-android.jar;C:\Users\Darian\eclipse\libraries\libgdx\gdx-backend-gwt.jar;C:\Users\Darian\eclipse\libraries\libgdx\gdx-backend-headless.jar;C:\Users\Darian\eclipse\libraries\libgdx\gdx-backend-jglfw.jar;C:\Users\Darian\eclipse\libraries\libgdx\gdx-backend-jglfw-natives.jar;C:\Users\Darian\eclipse\libraries\libgdx\gdx-backend-lwjgl.jar;C:\Users\Darian\eclipse\libraries\libgdx\gdx-backend-lwjgl-natives.jar;C:\Users\Darian\eclipse\libraries\libgdx\gdx-backend-robovm.jar;C:\Users\Darian\eclipse\libraries\libgdx\gdx-natives.jar;C:\Users\Darian\eclipse\libraries\libgdx\gdx-setup.jar
Launcher Type: SUN_STANDARD

Environment Variables:
PATH=C:/Program Files/Java/jre1.8.0_31/bin/server;C:/Program Files/Java/jre1.8.0_31/bin;C:/Program Files/Java/jre1.8.0_31/lib/amd64;C:\Python27\;C:\Python27\Scripts;C:\ProgramData\Oracle\Java\javapath;C:\Windows\System32;C:\Program Files (x86)\Skype\Phone\;C:\Program Files (x86)\Eclipse;
USERNAME=Darian
OS=Windows_NT
PROCESSOR_IDENTIFIER=AMD64 Family 21 Model 16 Stepping 1, AuthenticAMD



---------------  S Y S T E M  ---------------

OS: Windows 7 , 64 bit Build 7601 Service Pack 1

CPU:total 4 (4 cores per cpu, 1 threads per core) family 21 model 16 stepping 1, cmov, cx8, fxsr, mmx, sse, sse2, sse3, ssse3, sse4.1, sse4.2, popcnt, avx, aes, clmul, mmxext, 3dnowpref, lzcnt, sse4a, tsc, tscinvbit, tscinv, bmi1

Memory: 4k page, physical 5743992k(2817888k free), swap 11486148k(7962372k free)

vm_info: Java HotSpot(TM) 64-Bit Server VM (25.31-b07) for windows-amd64 JRE (1.8.0_31-b13), built on Dec 17 2014 21:00:28 by "java_re" with MS VC++ 10.0 (VS2010)

time: Sat May 23 07:16:17 2015
elapsed time: 19 seconds (0d 0h 0m 19s)

